2025-05-24 00:35:50,230 - __main__ - INFO - Starting Scenario 0 - Baseline TFLite Performance Test
2025-05-24 00:35:50,231 - utils.camera_handler - INFO - Initializing camera with resolution (640, 480), framerate 10, using picamera2: True
2025-05-24 00:35:50,241 - __main__ - INFO - Model has 1 outputs
2025-05-24 00:35:50,242 - __main__ - INFO - Output 0: shape=[   1 1280], dtype=<class 'numpy.float32'>
2025-05-24 00:35:50,246 - utils.camera_handler - INFO - Starting frame capture thread
2025-05-24 00:35:50,345 - picamera2.picamera2 - INFO - Initialization successful.
2025-05-24 00:35:50,346 - picamera2.picamera2 - INFO - Camera now open.
2025-05-24 00:35:50,363 - picamera2.picamera2 - INFO - Camera configuration has been adjusted!
2025-05-24 00:35:50,367 - picamera2.picamera2 - INFO - Configuration successful!
2025-05-24 00:35:50,442 - picamera2.picamera2 - INFO - Camera started
2025-05-24 00:35:50,443 - utils.camera_handler - INFO - Successfully initialized picamera2
2025-05-24 00:35:50,443 - utils.camera_handler - INFO - Camera initialized successfully, beginning capture loop
2025-05-24 00:35:50,746 - __main__ - INFO - Camera started
2025-05-24 00:35:50,748 - __main__ - INFO - Warming up camera...
2025-05-24 00:35:51,353 - __main__ - INFO - Camera ready after 3 warm-up attempts
2025-05-24 00:35:51,354 - __main__ - INFO - Starting inference loop...
2025-05-24 00:35:51,770 - __main__ - INFO - Inference #0: class_116 (433.38%)
2025-05-24 00:35:52,148 - __main__ - INFO - Inference #1: class_116 (437.53%)
2025-05-24 00:35:52,528 - __main__ - INFO - Inference #2: class_116 (452.05%)
2025-05-24 00:35:52,906 - __main__ - INFO - Inference #3: class_116 (443.75%)
2025-05-24 00:35:53,284 - __main__ - INFO - Inference #4: class_116 (441.68%)
2025-05-24 00:35:53,661 - __main__ - INFO - Inference #5: class_116 (443.75%)
2025-05-24 00:35:54,037 - __main__ - INFO - Inference #6: class_116 (445.83%)
2025-05-24 00:35:54,416 - __main__ - INFO - Inference #7: class_116 (435.46%)
2025-05-24 00:35:54,793 - __main__ - INFO - Inference #8: class_116 (437.53%)
2025-05-24 00:35:55,170 - __main__ - INFO - Inference #9: class_116 (433.38%)
2025-05-24 00:35:55,177 - __main__ - INFO - Completed 10 inferences
2025-05-24 00:35:55,547 - __main__ - INFO - Inference #10: class_116 (454.12%)
2025-05-24 00:35:55,930 - __main__ - INFO - Inference #11: class_116 (439.60%)
2025-05-24 00:35:56,308 - __main__ - INFO - Inference #12: class_116 (445.83%)
2025-05-24 00:35:56,686 - __main__ - INFO - Inference #13: class_116 (441.68%)
2025-05-24 00:35:57,063 - __main__ - INFO - Inference #14: class_116 (452.05%)
2025-05-24 00:35:57,439 - __main__ - INFO - Inference #15: class_116 (443.75%)
2025-05-24 00:35:57,817 - __main__ - INFO - Inference #16: class_116 (452.05%)
2025-05-24 00:35:58,194 - __main__ - INFO - Inference #17: class_116 (449.97%)
2025-05-24 00:35:58,572 - __main__ - INFO - Inference #18: class_116 (437.53%)
2025-05-24 00:35:58,949 - __main__ - INFO - Inference #19: class_116 (456.19%)
2025-05-24 00:35:58,956 - __main__ - INFO - Completed 20 inferences
2025-05-24 00:35:59,327 - __main__ - INFO - Inference #20: class_116 (456.19%)
2025-05-24 00:35:59,705 - __main__ - INFO - Inference #21: class_116 (452.05%)
2025-05-24 00:36:00,082 - __main__ - INFO - Inference #22: class_116 (443.75%)
2025-05-24 00:36:00,459 - __main__ - INFO - Inference #23: class_116 (445.83%)
2025-05-24 00:36:00,836 - __main__ - INFO - Inference #24: class_116 (447.90%)
2025-05-24 00:36:01,214 - __main__ - INFO - Inference #25: class_116 (433.38%)
2025-05-24 00:36:01,592 - __main__ - INFO - Inference #26: class_116 (454.12%)
2025-05-24 00:36:01,971 - __main__ - INFO - Inference #27: class_116 (460.34%)
2025-05-24 00:36:02,348 - __main__ - INFO - Inference #28: class_116 (445.83%)
2025-05-24 00:36:02,726 - __main__ - INFO - Inference #29: class_116 (443.75%)
2025-05-24 00:36:02,733 - __main__ - INFO - Completed 30 inferences
2025-05-24 00:36:03,105 - __main__ - INFO - Inference #30: class_116 (456.19%)
2025-05-24 00:36:03,482 - __main__ - INFO - Inference #31: class_116 (445.83%)
2025-05-24 00:36:03,860 - __main__ - INFO - Inference #32: class_116 (454.12%)
2025-05-24 00:36:04,238 - __main__ - INFO - Inference #33: class_116 (435.46%)
2025-05-24 00:36:04,616 - __main__ - INFO - Inference #34: class_116 (443.75%)
2025-05-24 00:36:04,993 - __main__ - INFO - Inference #35: class_116 (445.83%)
2025-05-24 00:36:05,370 - __main__ - INFO - Inference #36: class_116 (447.90%)
2025-05-24 00:36:05,746 - __main__ - INFO - Inference #37: class_116 (431.31%)
2025-05-24 00:36:06,124 - __main__ - INFO - Inference #38: class_116 (435.46%)
2025-05-24 00:36:06,502 - __main__ - INFO - Inference #39: class_116 (449.97%)
2025-05-24 00:36:06,508 - __main__ - INFO - Completed 40 inferences
2025-05-24 00:36:06,879 - __main__ - INFO - Inference #40: class_116 (431.31%)
2025-05-24 00:36:07,256 - __main__ - INFO - Inference #41: class_116 (439.60%)
2025-05-24 00:36:07,635 - __main__ - INFO - Inference #42: class_116 (439.60%)
2025-05-24 00:36:08,016 - __main__ - INFO - Inference #43: class_116 (447.90%)
2025-05-24 00:36:08,393 - __main__ - INFO - Inference #44: class_116 (429.24%)
2025-05-24 00:36:08,770 - __main__ - INFO - Inference #45: class_116 (443.75%)
2025-05-24 00:36:09,151 - __main__ - INFO - Inference #46: class_116 (433.38%)
2025-05-24 00:36:09,529 - __main__ - INFO - Inference #47: class_116 (443.75%)
2025-05-24 00:36:09,907 - __main__ - INFO - Inference #48: class_116 (456.19%)
2025-05-24 00:36:10,284 - __main__ - INFO - Inference #49: class_116 (445.83%)
2025-05-24 00:36:10,290 - __main__ - INFO - Completed 50 inferences
2025-05-24 00:36:10,661 - __main__ - INFO - Inference #50: class_116 (441.68%)
2025-05-24 00:36:11,038 - __main__ - INFO - Inference #51: class_116 (437.53%)
2025-05-24 00:36:11,417 - __main__ - INFO - Inference #52: class_116 (456.19%)
2025-05-24 00:36:11,794 - __main__ - INFO - Inference #53: class_60 (443.75%)
2025-05-24 00:36:12,171 - __main__ - INFO - Inference #54: class_116 (443.75%)
2025-05-24 00:36:12,548 - __main__ - INFO - Inference #55: class_116 (439.60%)
2025-05-24 00:36:12,925 - __main__ - INFO - Inference #56: class_116 (443.75%)
2025-05-24 00:36:13,302 - __main__ - INFO - Inference #57: class_116 (437.53%)
2025-05-24 00:36:13,679 - __main__ - INFO - Inference #58: class_116 (443.75%)
2025-05-24 00:36:14,057 - __main__ - INFO - Inference #59: class_116 (445.83%)
2025-05-24 00:36:14,065 - __main__ - INFO - Completed 60 inferences
2025-05-24 00:36:14,436 - __main__ - INFO - Inference #60: class_116 (452.05%)
2025-05-24 00:36:14,815 - __main__ - INFO - Inference #61: class_116 (435.46%)
2025-05-24 00:36:15,191 - __main__ - INFO - Inference #62: class_116 (456.19%)
2025-05-24 00:36:15,568 - __main__ - INFO - Inference #63: class_116 (445.83%)
2025-05-24 00:36:15,945 - __main__ - INFO - Inference #64: class_116 (439.60%)
2025-05-24 00:36:16,322 - __main__ - INFO - Inference #65: class_116 (456.19%)
2025-05-24 00:36:16,699 - __main__ - INFO - Inference #66: class_116 (449.97%)
2025-05-24 00:36:17,078 - __main__ - INFO - Inference #67: class_116 (456.19%)
2025-05-24 00:36:17,454 - __main__ - INFO - Inference #68: class_116 (441.68%)
2025-05-24 00:36:17,833 - __main__ - INFO - Inference #69: class_116 (456.19%)
2025-05-24 00:36:17,840 - __main__ - INFO - Completed 70 inferences
2025-05-24 00:36:18,213 - __main__ - INFO - Inference #70: class_116 (443.75%)
2025-05-24 00:36:18,590 - __main__ - INFO - Inference #71: class_116 (441.68%)
2025-05-24 00:36:18,967 - __main__ - INFO - Inference #72: class_116 (445.83%)
2025-05-24 00:36:19,343 - __main__ - INFO - Inference #73: class_116 (445.83%)
2025-05-24 00:36:19,721 - __main__ - INFO - Inference #74: class_116 (441.68%)
2025-05-24 00:36:20,098 - __main__ - INFO - Inference #75: class_116 (435.46%)
2025-05-24 00:36:20,475 - __main__ - INFO - Inference #76: class_116 (445.83%)
2025-05-24 00:36:20,852 - __main__ - INFO - Inference #77: class_116 (431.31%)
2025-05-24 00:36:21,230 - __main__ - INFO - Inference #78: class_116 (437.53%)
2025-05-24 00:36:21,607 - __main__ - INFO - Inference #79: class_116 (449.97%)
2025-05-24 00:36:21,613 - __main__ - INFO - Completed 80 inferences
2025-05-24 00:36:21,985 - __main__ - INFO - Inference #80: class_116 (460.34%)
2025-05-24 00:36:22,362 - __main__ - INFO - Inference #81: class_116 (447.90%)
2025-05-24 00:36:22,739 - __main__ - INFO - Inference #82: class_116 (441.68%)
2025-05-24 00:36:23,117 - __main__ - INFO - Inference #83: class_116 (456.19%)
2025-05-24 00:36:23,495 - __main__ - INFO - Inference #84: class_116 (449.97%)
2025-05-24 00:36:23,873 - __main__ - INFO - Inference #85: class_116 (437.53%)
2025-05-24 00:36:24,249 - __main__ - INFO - Inference #86: class_116 (443.75%)
2025-05-24 00:36:24,628 - __main__ - INFO - Inference #87: class_116 (437.53%)
2025-05-24 00:36:25,005 - __main__ - INFO - Inference #88: class_116 (443.75%)
2025-05-24 00:36:25,382 - __main__ - INFO - Inference #89: class_116 (441.68%)
2025-05-24 00:36:25,389 - __main__ - INFO - Completed 90 inferences
2025-05-24 00:36:25,760 - __main__ - INFO - Inference #90: class_116 (431.31%)
2025-05-24 00:36:26,137 - __main__ - INFO - Inference #91: class_116 (441.68%)
2025-05-24 00:36:26,515 - __main__ - INFO - Inference #92: class_116 (435.46%)
2025-05-24 00:36:26,892 - __main__ - INFO - Inference #93: class_116 (443.75%)
2025-05-24 00:36:27,270 - __main__ - INFO - Inference #94: class_116 (439.60%)
2025-05-24 00:36:27,653 - __main__ - INFO - Inference #95: class_116 (433.38%)
2025-05-24 00:36:28,031 - __main__ - INFO - Inference #96: class_116 (441.68%)
2025-05-24 00:36:28,409 - __main__ - INFO - Inference #97: class_116 (449.97%)
2025-05-24 00:36:28,787 - __main__ - INFO - Inference #98: class_116 (435.46%)
2025-05-24 00:36:29,164 - __main__ - INFO - Inference #99: class_116 (445.83%)
2025-05-24 00:36:29,171 - __main__ - INFO - Completed 100 inferences
2025-05-24 00:36:29,542 - __main__ - INFO - Inference #100: class_116 (443.75%)
2025-05-24 00:36:29,918 - __main__ - INFO - Inference #101: class_116 (433.38%)
2025-05-24 00:36:30,298 - __main__ - INFO - Inference #102: class_116 (435.46%)
2025-05-24 00:36:30,675 - __main__ - INFO - Inference #103: class_116 (429.24%)
2025-05-24 00:36:31,052 - __main__ - INFO - Inference #104: class_116 (431.31%)
2025-05-24 00:36:31,431 - __main__ - INFO - Inference #105: class_116 (437.53%)
2025-05-24 00:36:31,809 - __main__ - INFO - Inference #106: class_116 (452.05%)
2025-05-24 00:36:32,187 - __main__ - INFO - Inference #107: class_116 (454.12%)
2025-05-24 00:36:32,564 - __main__ - INFO - Inference #108: class_116 (431.31%)
2025-05-24 00:36:32,941 - __main__ - INFO - Inference #109: class_116 (433.38%)
2025-05-24 00:36:32,948 - __main__ - INFO - Completed 110 inferences
2025-05-24 00:36:33,320 - __main__ - INFO - Inference #110: class_116 (433.38%)
2025-05-24 00:36:33,698 - __main__ - INFO - Inference #111: class_116 (433.38%)
2025-05-24 00:36:34,074 - __main__ - INFO - Inference #112: class_116 (441.68%)
2025-05-24 00:36:34,451 - __main__ - INFO - Inference #113: class_116 (433.38%)
2025-05-24 00:36:34,829 - __main__ - INFO - Inference #114: class_116 (452.05%)
2025-05-24 00:36:35,207 - __main__ - INFO - Inference #115: class_116 (445.83%)
2025-05-24 00:36:35,584 - __main__ - INFO - Inference #116: class_116 (441.68%)
2025-05-24 00:36:35,962 - __main__ - INFO - Inference #117: class_116 (445.83%)
2025-05-24 00:36:36,339 - __main__ - INFO - Inference #118: class_116 (441.68%)
2025-05-24 00:36:36,717 - __main__ - INFO - Inference #119: class_116 (447.90%)
2025-05-24 00:36:36,724 - __main__ - INFO - Completed 120 inferences
2025-05-24 00:36:37,095 - __main__ - INFO - Inference #120: class_116 (454.12%)
2025-05-24 00:36:37,472 - __main__ - INFO - Inference #121: class_116 (445.83%)
2025-05-24 00:36:37,849 - __main__ - INFO - Inference #122: class_116 (437.53%)
2025-05-24 00:36:38,227 - __main__ - INFO - Inference #123: class_116 (443.75%)
2025-05-24 00:36:38,604 - __main__ - INFO - Inference #124: class_116 (435.46%)
2025-05-24 00:36:38,981 - __main__ - INFO - Inference #125: class_116 (435.46%)
2025-05-24 00:36:39,358 - __main__ - INFO - Inference #126: class_116 (435.46%)
2025-05-24 00:36:39,736 - __main__ - INFO - Inference #127: class_116 (435.46%)
2025-05-24 00:36:40,114 - __main__ - INFO - Inference #128: class_116 (431.31%)
2025-05-24 00:36:40,491 - __main__ - INFO - Inference #129: class_116 (429.24%)
2025-05-24 00:36:40,498 - __main__ - INFO - Completed 130 inferences
2025-05-24 00:36:40,869 - __main__ - INFO - Inference #130: class_116 (437.53%)
2025-05-24 00:36:41,246 - __main__ - INFO - Inference #131: class_116 (439.60%)
2025-05-24 00:36:41,623 - __main__ - INFO - Inference #132: class_116 (447.90%)
2025-05-24 00:36:42,001 - __main__ - INFO - Inference #133: class_116 (437.53%)
2025-05-24 00:36:42,378 - __main__ - INFO - Inference #134: class_116 (431.31%)
2025-05-24 00:36:42,755 - __main__ - INFO - Inference #135: class_116 (445.83%)
2025-05-24 00:36:43,134 - __main__ - INFO - Inference #136: class_116 (439.60%)
2025-05-24 00:36:43,512 - __main__ - INFO - Inference #137: class_116 (433.38%)
2025-05-24 00:36:43,889 - __main__ - INFO - Inference #138: class_116 (439.60%)
2025-05-24 00:36:44,266 - __main__ - INFO - Inference #139: class_116 (447.90%)
2025-05-24 00:36:44,273 - __main__ - INFO - Completed 140 inferences
2025-05-24 00:36:44,643 - __main__ - INFO - Inference #140: class_116 (439.60%)
2025-05-24 00:36:45,021 - __main__ - INFO - Inference #141: class_116 (439.60%)
2025-05-24 00:36:45,397 - __main__ - INFO - Inference #142: class_116 (439.60%)
2025-05-24 00:36:45,774 - __main__ - INFO - Inference #143: class_116 (445.83%)
2025-05-24 00:36:46,150 - __main__ - INFO - Inference #144: class_116 (429.24%)
2025-05-24 00:36:46,532 - __main__ - INFO - Inference #145: class_116 (433.38%)
2025-05-24 00:36:46,911 - __main__ - INFO - Inference #146: class_116 (427.16%)
2025-05-24 00:36:47,288 - __main__ - INFO - Inference #147: class_116 (441.68%)
2025-05-24 00:36:47,664 - __main__ - INFO - Inference #148: class_116 (439.60%)
2025-05-24 00:36:48,041 - __main__ - INFO - Inference #149: class_116 (439.60%)
2025-05-24 00:36:48,048 - __main__ - INFO - Completed 150 inferences
2025-05-24 00:36:48,419 - __main__ - INFO - Inference #150: class_116 (431.31%)
2025-05-24 00:36:48,798 - __main__ - INFO - Inference #151: class_116 (429.24%)
2025-05-24 00:36:49,175 - __main__ - INFO - Inference #152: class_116 (439.60%)
2025-05-24 00:36:49,552 - __main__ - INFO - Inference #153: class_116 (429.24%)
2025-05-24 00:36:49,930 - __main__ - INFO - Inference #154: class_116 (435.46%)
2025-05-24 00:36:50,309 - __main__ - INFO - Inference #155: class_116 (435.46%)
2025-05-24 00:36:50,687 - __main__ - INFO - Inference #156: class_116 (437.53%)
2025-05-24 00:36:51,064 - __main__ - INFO - Inference #157: class_116 (449.97%)
2025-05-24 00:36:51,441 - __main__ - INFO - Inference #158: class_116 (439.60%)
2025-05-24 00:36:51,819 - __main__ - INFO - Inference #159: class_116 (439.60%)
2025-05-24 00:36:51,826 - __main__ - INFO - Completed 160 inferences
2025-05-24 00:36:52,198 - __main__ - INFO - Inference #160: class_116 (445.83%)
2025-05-24 00:36:52,575 - __main__ - INFO - Inference #161: class_116 (433.38%)
2025-05-24 00:36:52,952 - __main__ - INFO - Inference #162: class_116 (441.68%)
2025-05-24 00:36:53,330 - __main__ - INFO - Inference #163: class_116 (443.75%)
2025-05-24 00:36:53,708 - __main__ - INFO - Inference #164: class_116 (437.53%)
2025-05-24 00:36:54,085 - __main__ - INFO - Inference #165: class_698 (373.25%)
2025-05-24 00:36:54,464 - __main__ - INFO - Inference #166: class_27 (414.72%)
2025-05-24 00:36:54,842 - __main__ - INFO - Inference #167: class_698 (331.78%)
2025-05-24 00:36:55,219 - __main__ - INFO - Inference #168: class_807 (338.00%)
2025-05-24 00:36:55,598 - __main__ - INFO - Inference #169: class_27 (340.07%)
2025-05-24 00:36:55,606 - __main__ - INFO - Completed 170 inferences
2025-05-24 00:36:55,977 - __main__ - INFO - Inference #170: class_698 (344.22%)
2025-05-24 00:36:56,355 - __main__ - INFO - Inference #171: class_27 (433.38%)
2025-05-24 00:36:56,736 - __main__ - INFO - Inference #172: class_27 (373.25%)
2025-05-24 00:36:57,116 - __main__ - INFO - Inference #173: class_27 (369.10%)
2025-05-24 00:36:57,495 - __main__ - INFO - Inference #174: class_27 (352.51%)
2025-05-24 00:36:57,874 - __main__ - INFO - Inference #175: class_27 (344.22%)
2025-05-24 00:36:58,252 - __main__ - INFO - Inference #176: class_27 (348.37%)
2025-05-24 00:36:58,632 - __main__ - INFO - Inference #177: class_27 (367.03%)
2025-05-24 00:36:59,011 - __main__ - INFO - Inference #178: class_27 (360.81%)
2025-05-24 00:36:59,390 - __main__ - INFO - Inference #179: class_27 (362.88%)
2025-05-24 00:36:59,397 - __main__ - INFO - Completed 180 inferences
2025-05-24 00:36:59,769 - __main__ - INFO - Inference #180: class_27 (346.29%)
2025-05-24 00:37:00,146 - __main__ - INFO - Inference #181: class_27 (354.59%)
2025-05-24 00:37:00,525 - __main__ - INFO - Inference #182: class_27 (356.66%)
2025-05-24 00:37:00,904 - __main__ - INFO - Inference #183: class_27 (364.95%)
2025-05-24 00:37:01,282 - __main__ - INFO - Inference #184: class_27 (360.81%)
2025-05-24 00:37:01,660 - __main__ - INFO - Inference #185: class_27 (360.81%)
2025-05-24 00:37:02,038 - __main__ - INFO - Inference #186: class_27 (369.10%)
2025-05-24 00:37:02,420 - __main__ - INFO - Inference #187: class_27 (340.07%)
2025-05-24 00:37:02,800 - __main__ - INFO - Inference #188: class_27 (369.10%)
2025-05-24 00:37:03,179 - __main__ - INFO - Inference #189: class_27 (346.29%)
2025-05-24 00:37:03,187 - __main__ - INFO - Completed 190 inferences
2025-05-24 00:37:03,559 - __main__ - INFO - Inference #190: class_27 (350.44%)
2025-05-24 00:37:03,939 - __main__ - INFO - Inference #191: class_27 (362.88%)
2025-05-24 00:37:04,318 - __main__ - INFO - Inference #192: class_27 (346.29%)
2025-05-24 00:37:04,698 - __main__ - INFO - Inference #193: class_27 (348.37%)
2025-05-24 00:37:05,078 - __main__ - INFO - Inference #194: class_27 (350.44%)
2025-05-24 00:37:05,458 - __main__ - INFO - Inference #195: class_27 (354.59%)
2025-05-24 00:37:05,838 - __main__ - INFO - Inference #196: class_27 (344.22%)
2025-05-24 00:37:06,217 - __main__ - INFO - Inference #197: class_27 (338.00%)
2025-05-24 00:37:06,598 - __main__ - INFO - Inference #198: class_27 (354.59%)
2025-05-24 00:37:06,978 - __main__ - INFO - Inference #199: class_27 (375.32%)
2025-05-24 00:37:06,986 - __main__ - INFO - Completed 200 inferences
2025-05-24 00:37:07,358 - __main__ - INFO - Inference #200: class_27 (360.81%)
2025-05-24 00:37:07,739 - __main__ - INFO - Inference #201: class_27 (346.29%)
2025-05-24 00:37:08,125 - __main__ - INFO - Inference #202: class_27 (338.00%)
2025-05-24 00:37:08,505 - __main__ - INFO - Inference #203: class_27 (375.32%)
2025-05-24 00:37:08,884 - __main__ - INFO - Inference #204: class_27 (360.81%)
2025-05-24 00:37:09,263 - __main__ - INFO - Inference #205: class_27 (354.59%)
2025-05-24 00:37:09,642 - __main__ - INFO - Inference #206: class_27 (358.73%)
2025-05-24 00:37:10,021 - __main__ - INFO - Inference #207: class_27 (358.73%)
2025-05-24 00:37:10,402 - __main__ - INFO - Inference #208: class_27 (344.22%)
2025-05-24 00:37:10,782 - __main__ - INFO - Inference #209: class_27 (352.51%)
2025-05-24 00:37:10,790 - __main__ - INFO - Completed 210 inferences
2025-05-24 00:37:11,161 - __main__ - INFO - Inference #210: class_27 (360.81%)
2025-05-24 00:37:11,540 - __main__ - INFO - Inference #211: class_27 (369.10%)
2025-05-24 00:37:11,919 - __main__ - INFO - Inference #212: class_27 (369.10%)
2025-05-24 00:37:12,298 - __main__ - INFO - Inference #213: class_27 (360.81%)
2025-05-24 00:37:12,678 - __main__ - INFO - Inference #214: class_27 (356.66%)
2025-05-24 00:37:13,058 - __main__ - INFO - Inference #215: class_27 (364.95%)
2025-05-24 00:37:13,438 - __main__ - INFO - Inference #216: class_1038 (344.22%)
2025-05-24 00:37:13,820 - __main__ - INFO - Inference #217: class_27 (342.15%)
2025-05-24 00:37:14,202 - __main__ - INFO - Inference #218: class_27 (348.37%)
2025-05-24 00:37:14,590 - __main__ - INFO - Inference #219: class_27 (371.18%)
2025-05-24 00:37:14,598 - __main__ - INFO - Completed 220 inferences
2025-05-24 00:37:14,970 - __main__ - INFO - Inference #220: class_27 (350.44%)
2025-05-24 00:37:15,348 - __main__ - INFO - Inference #221: class_27 (342.15%)
2025-05-24 00:37:15,729 - __main__ - INFO - Inference #222: class_27 (352.51%)
2025-05-24 00:37:16,108 - __main__ - INFO - Inference #223: class_27 (350.44%)
2025-05-24 00:37:16,487 - __main__ - INFO - Inference #224: class_27 (352.51%)
2025-05-24 00:37:16,865 - __main__ - INFO - Inference #225: class_27 (360.81%)
2025-05-24 00:37:17,243 - __main__ - INFO - Inference #226: class_27 (338.00%)
2025-05-24 00:37:17,622 - __main__ - INFO - Inference #227: class_27 (340.07%)
2025-05-24 00:37:18,001 - __main__ - INFO - Inference #228: class_27 (338.00%)
2025-05-24 00:37:18,380 - __main__ - INFO - Inference #229: class_27 (362.88%)
2025-05-24 00:37:18,387 - __main__ - INFO - Completed 230 inferences
2025-05-24 00:37:18,759 - __main__ - INFO - Inference #230: class_27 (342.15%)
2025-05-24 00:37:19,138 - __main__ - INFO - Inference #231: class_1038 (333.85%)
2025-05-24 00:37:19,517 - __main__ - INFO - Inference #232: class_27 (340.07%)
2025-05-24 00:37:19,896 - __main__ - INFO - Inference #233: class_27 (348.37%)
2025-05-24 00:37:20,276 - __main__ - INFO - Inference #234: class_27 (352.51%)
2025-05-24 00:37:20,655 - __main__ - INFO - Inference #235: class_27 (352.51%)
2025-05-24 00:37:21,035 - __main__ - INFO - Inference #236: class_27 (344.22%)
2025-05-24 00:37:21,416 - __main__ - INFO - Inference #237: class_27 (346.29%)
2025-05-24 00:37:21,795 - __main__ - INFO - Inference #238: class_27 (348.37%)
2025-05-24 00:37:22,173 - __main__ - INFO - Inference #239: class_27 (342.15%)
2025-05-24 00:37:22,181 - __main__ - INFO - Completed 240 inferences
2025-05-24 00:37:22,552 - __main__ - INFO - Inference #240: class_27 (348.37%)
2025-05-24 00:37:22,933 - __main__ - INFO - Inference #241: class_27 (364.95%)
2025-05-24 00:37:23,312 - __main__ - INFO - Inference #242: class_941 (393.99%)
2025-05-24 00:37:23,692 - __main__ - INFO - Inference #243: class_116 (427.16%)
2025-05-24 00:37:24,069 - __main__ - INFO - Inference #244: class_27 (423.02%)
2025-05-24 00:37:24,447 - __main__ - INFO - Inference #245: class_116 (435.46%)
2025-05-24 00:37:24,825 - __main__ - INFO - Inference #246: class_116 (443.75%)
2025-05-24 00:37:25,203 - __main__ - INFO - Inference #247: class_116 (445.83%)
2025-05-24 00:37:25,580 - __main__ - INFO - Inference #248: class_116 (443.75%)
2025-05-24 00:37:25,958 - __main__ - INFO - Inference #249: class_116 (443.75%)
2025-05-24 00:37:25,964 - __main__ - INFO - Completed 250 inferences
2025-05-24 00:37:26,335 - __main__ - INFO - Inference #250: class_116 (456.19%)
2025-05-24 00:37:26,713 - __main__ - INFO - Inference #251: class_116 (425.09%)
2025-05-24 00:37:27,090 - __main__ - INFO - Inference #252: class_116 (445.83%)
2025-05-24 00:37:27,468 - __main__ - INFO - Inference #253: class_116 (433.38%)
2025-05-24 00:37:27,845 - __main__ - INFO - Inference #254: class_116 (435.46%)
2025-05-24 00:37:28,223 - __main__ - INFO - Inference #255: class_116 (443.75%)
2025-05-24 00:37:28,600 - __main__ - INFO - Inference #256: class_116 (441.68%)
2025-05-24 00:37:28,977 - __main__ - INFO - Inference #257: class_116 (433.38%)
2025-05-24 00:37:29,356 - __main__ - INFO - Inference #258: class_116 (435.46%)
2025-05-24 00:37:29,735 - __main__ - INFO - Inference #259: class_116 (441.68%)
2025-05-24 00:37:29,741 - __main__ - INFO - Completed 260 inferences
2025-05-24 00:37:30,113 - __main__ - INFO - Inference #260: class_116 (443.75%)
2025-05-24 00:37:30,490 - __main__ - INFO - Inference #261: class_116 (452.05%)
2025-05-24 00:37:30,867 - __main__ - INFO - Inference #262: class_116 (435.46%)
2025-05-24 00:37:31,243 - __main__ - INFO - Inference #263: class_116 (435.46%)
2025-05-24 00:37:31,621 - __main__ - INFO - Inference #264: class_116 (439.60%)
2025-05-24 00:37:31,998 - __main__ - INFO - Inference #265: class_116 (439.60%)
2025-05-24 00:37:32,375 - __main__ - INFO - Inference #266: class_116 (445.83%)
2025-05-24 00:37:32,751 - __main__ - INFO - Inference #267: class_116 (449.97%)
2025-05-24 00:37:33,129 - __main__ - INFO - Inference #268: class_116 (443.75%)
2025-05-24 00:37:33,507 - __main__ - INFO - Inference #269: class_116 (439.60%)
2025-05-24 00:37:33,513 - __main__ - INFO - Completed 270 inferences
2025-05-24 00:37:33,885 - __main__ - INFO - Inference #270: class_116 (433.38%)
2025-05-24 00:37:34,268 - __main__ - INFO - Inference #271: class_116 (441.68%)
2025-05-24 00:37:34,645 - __main__ - INFO - Inference #272: class_116 (435.46%)
2025-05-24 00:37:35,022 - __main__ - INFO - Inference #273: class_116 (437.53%)
2025-05-24 00:37:35,399 - __main__ - INFO - Inference #274: class_116 (449.97%)
2025-05-24 00:37:35,776 - __main__ - INFO - Inference #275: class_116 (447.90%)
2025-05-24 00:37:36,152 - __main__ - INFO - Inference #276: class_116 (439.60%)
2025-05-24 00:37:36,530 - __main__ - INFO - Inference #277: class_116 (433.38%)
2025-05-24 00:37:36,908 - __main__ - INFO - Inference #278: class_116 (433.38%)
2025-05-24 00:37:37,285 - __main__ - INFO - Inference #279: class_116 (435.46%)
2025-05-24 00:37:37,291 - __main__ - INFO - Completed 280 inferences
2025-05-24 00:37:37,662 - __main__ - INFO - Inference #280: class_116 (452.05%)
2025-05-24 00:37:38,039 - __main__ - INFO - Inference #281: class_116 (429.24%)
2025-05-24 00:37:38,417 - __main__ - INFO - Inference #282: class_116 (441.68%)
2025-05-24 00:37:38,794 - __main__ - INFO - Inference #283: class_116 (439.60%)
2025-05-24 00:37:39,171 - __main__ - INFO - Inference #284: class_116 (431.31%)
2025-05-24 00:37:39,548 - __main__ - INFO - Inference #285: class_116 (441.68%)
2025-05-24 00:37:39,925 - __main__ - INFO - Inference #286: class_116 (437.53%)
2025-05-24 00:37:40,302 - __main__ - INFO - Inference #287: class_116 (439.60%)
2025-05-24 00:37:40,679 - __main__ - INFO - Inference #288: class_116 (447.90%)
2025-05-24 00:37:41,055 - __main__ - INFO - Inference #289: class_116 (435.46%)
2025-05-24 00:37:41,063 - __main__ - INFO - Completed 290 inferences
2025-05-24 00:37:41,434 - __main__ - INFO - Inference #290: class_116 (443.75%)
2025-05-24 00:37:41,812 - __main__ - INFO - Inference #291: class_116 (437.53%)
2025-05-24 00:37:42,189 - __main__ - INFO - Inference #292: class_116 (435.46%)
2025-05-24 00:37:42,565 - __main__ - INFO - Inference #293: class_116 (437.53%)
2025-05-24 00:37:42,942 - __main__ - INFO - Inference #294: class_116 (429.24%)
2025-05-24 00:37:43,321 - __main__ - INFO - Inference #295: class_116 (439.60%)
2025-05-24 00:37:43,699 - __main__ - INFO - Inference #296: class_116 (435.46%)
2025-05-24 00:37:44,077 - __main__ - INFO - Inference #297: class_116 (439.60%)
2025-05-24 00:37:44,454 - __main__ - INFO - Inference #298: class_116 (441.68%)
2025-05-24 00:37:44,833 - __main__ - INFO - Inference #299: class_116 (441.68%)
2025-05-24 00:37:44,840 - __main__ - INFO - Completed 300 inferences
2025-05-24 00:37:45,213 - __main__ - INFO - Inference #300: class_116 (447.90%)
2025-05-24 00:37:45,591 - __main__ - INFO - Inference #301: class_116 (441.68%)
2025-05-24 00:37:45,968 - __main__ - INFO - Inference #302: class_116 (437.53%)
2025-05-24 00:37:46,346 - __main__ - INFO - Inference #303: class_116 (439.60%)
2025-05-24 00:37:46,724 - __main__ - INFO - Inference #304: class_116 (437.53%)
2025-05-24 00:37:47,103 - __main__ - INFO - Inference #305: class_116 (433.38%)
2025-05-24 00:37:47,480 - __main__ - INFO - Inference #306: class_116 (420.94%)
2025-05-24 00:37:47,858 - __main__ - INFO - Inference #307: class_116 (437.53%)
2025-05-24 00:37:48,235 - __main__ - INFO - Inference #308: class_116 (435.46%)
2025-05-24 00:37:48,613 - __main__ - INFO - Inference #309: class_116 (439.60%)
2025-05-24 00:37:48,620 - __main__ - INFO - Completed 310 inferences
2025-05-24 00:37:48,991 - __main__ - INFO - Inference #310: class_116 (439.60%)
2025-05-24 00:37:49,369 - __main__ - INFO - Inference #311: class_116 (437.53%)
2025-05-24 00:37:49,747 - __main__ - INFO - Inference #312: class_116 (429.24%)
2025-05-24 00:37:50,125 - __main__ - INFO - Inference #313: class_116 (445.83%)
2025-05-24 00:37:50,503 - __main__ - INFO - Inference #314: class_116 (439.60%)
2025-05-24 00:37:50,880 - __main__ - INFO - Inference #315: class_116 (437.53%)
2025-05-24 00:37:51,258 - __main__ - INFO - Inference #316: class_116 (454.12%)
2025-05-24 00:37:51,635 - __main__ - INFO - Inference #317: class_116 (433.38%)
2025-05-24 00:37:52,021 - __main__ - INFO - Inference #318: class_116 (441.68%)
2025-05-24 00:37:52,399 - __main__ - INFO - Inference #319: class_116 (447.90%)
2025-05-24 00:37:52,406 - __main__ - INFO - Completed 320 inferences
2025-05-24 00:37:52,778 - __main__ - INFO - Inference #320: class_116 (447.90%)
2025-05-24 00:37:53,156 - __main__ - INFO - Shutdown signal received. Stopping...
2025-05-24 00:37:53,158 - __main__ - INFO - Inference #321: class_116 (433.38%)
2025-05-24 00:37:53,174 - __main__ - INFO - Shutting down...
2025-05-24 00:37:53,175 - utils.camera_handler - INFO - Stopping camera capture thread
2025-05-24 00:37:53,255 - utils.camera_handler - INFO - Stopping camera and cleaning up
2025-05-24 00:37:53,268 - picamera2.picamera2 - INFO - Camera stopped
2025-05-24 00:37:53,677 - picamera2.picamera2 - INFO - Camera closed successfully.
2025-05-24 00:37:53,683 - __main__ - INFO - Performance Summary: {
  "timestamp": "2025-05-24T00:37:53.679910",
  "type": "summary",
  "total_inferences": 322,
  "avg_inference_time_ms": 357.35488160056354,
  "std_inference_time_ms": 3.150711487300089,
  "min_inference_time_ms": 355.6640148162842,
  "max_inference_time_ms": 410.2463722229004,
  "avg_cpu_percent": 111.92795031055901,
  "avg_memory_mb": 176.4594210986025,
  "max_memory_mb": 181.07421875,
  "total_runtime_seconds": 123.4390139579773
}
2025-05-24 00:37:53,685 - __main__ - INFO - Completed 322 inferences
2025-05-24 00:37:53,685 - __main__ - INFO - Scenario 0 completed
